<?xml version="1.0" encoding="UTF-8"?>
<!-- Generated by org.testng.reporters.JUnitXMLReporter -->
<testsuite ignored="0" hostname="DESKTOP-GJ7DHM8" failures="0" tests="5" name="Default test" time="112.002" errors="0" timestamp="2022-04-08T10:21:24 IST">
  <testcase classname="test2.Teask" name="Task1" time="30.768"/>
  <testcase classname="test2.Teask" name="Task2" time="15.442"/>
  <testcase classname="test2.Teask" name="Task3" time="25.11"/>
  <testcase classname="test2.Teask" name="Task4" time="15.284"/>
  <testcase classname="test2.Teask" name="Task5" time="25.226"/>
</testsuite> <!-- Default test -->
